#
# There is insufficient memory for the Java Runtime Environment to continue.
# Native memory allocation (malloc) failed to allocate 32744 bytes for ChunkPool::allocate
# Possible reasons:
#   The system is out of physical RAM or swap space
#   The process is running with CompressedOops enabled, and the Java Heap may be blocking the growth of the native heap
# Possible solutions:
#   Reduce memory load on the system
#   Increase physical memory or swap space
#   Check if swap backing store is full
#   Decrease Java heap size (-Xmx/-Xms)
#   Decrease number of Java threads
#   Decrease Java thread stack sizes (-Xss)
#   Set larger code cache with -XX:ReservedCodeCacheSize=
#   JVM is running with Unscaled Compressed Oops mode in which the Java heap is
#     placed in the first 4GB address space. The Java Heap base address is the
#     maximum limit for the native heap growth. Please use -XX:HeapBaseMinAddress
#     to set the Java Heap base and to place the Java Heap above 4GB virtual address.
# This output file may be truncated or incomplete.
#
#  Out of Memory Error (allocation.cpp:272), pid=6832, tid=0x000000000000d6f0
#
# JRE version: OpenJDK Runtime Environment (8.0_202-b03) (build 1.8.0_202-release-1483-b03)
# Java VM: OpenJDK 64-Bit Server VM (25.202-b03 mixed mode windows-amd64 compressed oops)
# Failed to write core dump. Minidumps are not enabled by default on client versions of Windows
#

---------------  T H R E A D  ---------------

Current thread (0x0000000016cbc800):  JavaThread "C2 CompilerThread1" daemon [_thread_in_native, id=55024, stack(0x00000000186c0000,0x00000000187c0000)]

Stack: [0x00000000186c0000,0x00000000187c0000]
[error occurred during error reporting (printing stack bounds), id 0xc0000005]

Native frames: (J=compiled Java code, j=interpreted, Vv=VM code, C=native code)


Current CompileTask:
C2:   2455 1456       4       java.net.URLClassLoader$1::run (5 bytes)


---------------  P R O C E S S  ---------------

Java Threads: ( => current thread )
  0x000000001a05e800 JavaThread "Cache worker for journal cache (C:\Users\Administrator\.gradle\caches\journal-1)" [_thread_blocked, id=67768, stack(0x000000001c460000,0x000000001c560000)]
  0x000000001a05d000 JavaThread "File lock request listener" [_thread_in_native, id=8256, stack(0x000000001c360000,0x000000001c460000)]
  0x000000001a058000 JavaThread "Cache worker for file hash cache (C:\Users\Administrator\.gradle\caches\5.4.1\fileHashes)" [_thread_blocked, id=7488, stack(0x000000001c060000,0x000000001c160000)]
  0x0000000019881800 JavaThread "Thread-9" [_thread_blocked, id=68332, stack(0x000000001bf60000,0x000000001c060000)]
  0x000000001987e000 JavaThread "Stdin handler" [_thread_blocked, id=67488, stack(0x000000001be60000,0x000000001bf60000)]
  0x000000001987d800 JavaThread "Asynchronous log dispatcher for DefaultDaemonConnection: socket connection from /127.0.0.1:13571 to /127.0.0.1:13572" [_thread_blocked, id=67116, stack(0x000000001bd60000,0x000000001be60000)]
  0x000000001987b000 JavaThread "Daemon worker" [_thread_in_vm, id=7680, stack(0x000000001bc60000,0x000000001bd60000)]
  0x000000001a018800 JavaThread "Cancel handler" [_thread_blocked, id=11160, stack(0x000000001bb60000,0x000000001bc60000)]
  0x0000000019384000 JavaThread "Handler for socket connection from /127.0.0.1:13571 to /127.0.0.1:13572" [_thread_in_native, id=6680, stack(0x000000001b860000,0x000000001b960000)]
  0x00000000196c8800 JavaThread "Daemon" [_thread_blocked, id=67988, stack(0x000000001b760000,0x000000001b860000)]
  0x00000000196d4000 JavaThread "Daemon periodic checks" [_thread_blocked, id=7544, stack(0x000000001b660000,0x000000001b760000)]
  0x0000000019c93000 JavaThread "Incoming local TCP Connector on port 13571" [_thread_in_native, id=67688, stack(0x000000001b560000,0x000000001b660000)]
  0x0000000019d26800 JavaThread "Daemon health stats" [_thread_blocked, id=62632, stack(0x000000001b260000,0x000000001b360000)]
  0x0000000018042800 JavaThread "Service Thread" daemon [_thread_blocked, id=60084, stack(0x00000000188c0000,0x00000000189c0000)]
  0x0000000018012000 JavaThread "C1 CompilerThread2" daemon [_thread_blocked, id=64628, stack(0x00000000187c0000,0x00000000188c0000)]
=>0x0000000016cbc800 JavaThread "C2 CompilerThread1" daemon [_thread_in_native, id=55024, stack(0x00000000186c0000,0x00000000187c0000)]
  0x0000000016cb9800 JavaThread "C2 CompilerThread0" daemon [_thread_in_native, id=68448, stack(0x00000000185c0000,0x00000000186c0000)]
  0x0000000016c6d000 JavaThread "Attach Listener" daemon [_thread_blocked, id=61068, stack(0x00000000184c0000,0x00000000185c0000)]
  0x0000000016c56800 JavaThread "Signal Dispatcher" daemon [_thread_blocked, id=64892, stack(0x00000000183c0000,0x00000000184c0000)]
  0x00000000032eb000 JavaThread "Finalizer" daemon [_thread_blocked, id=66496, stack(0x0000000017ec0000,0x0000000017fc0000)]
  0x0000000016c49000 JavaThread "Reference Handler" daemon [_thread_blocked, id=67512, stack(0x0000000017dc0000,0x0000000017ec0000)]
  0x0000000002c0e000 JavaThread "main" [_thread_blocked, id=65268, stack(0x0000000003020000,0x0000000003120000)]

Other Threads:
  0x0000000016c27000 VMThread [stack: 0x0000000017cc0000,0x0000000017dc0000] [id=61464]
  0x0000000018043800 WatcherThread [stack: 0x00000000189c0000,0x0000000018ac0000] [id=60784]

VM state:not at safepoint (normal execution)

VM Mutex/Monitor currently owned by a thread: None

heap address: 0x00000000a0000000, size: 1536 MB, Compressed Oops mode: 32-bit
Narrow klass base: 0x0000000000000000, Narrow klass shift: 3
Compressed class space size: 1073741824 Address: 0x0000000100000000

Heap:
 PSYoungGen      total 71680K, used 17703K [0x00000000e0000000, 0x00000000e5000000, 0x0000000100000000)
  eden space 61440K, 13% used [0x00000000e0000000,0x00000000e07fddc8,0x00000000e3c00000)
  from space 10240K, 92% used [0x00000000e4600000,0x00000000e4f4c128,0x00000000e5000000)
  to   space 10240K, 0% used [0x00000000e3c00000,0x00000000e3c00000,0x00000000e4600000)
 ParOldGen       total 163840K, used 43K [0x00000000a0000000, 0x00000000aa000000, 0x00000000e0000000)
  object space 163840K, 0% used [0x00000000a0000000,0x00000000a000ac50,0x00000000aa000000)
 Metaspace       used 14922K, capacity 15340K, committed 15616K, reserved 1062912K
  class space    used 2107K, capacity 2268K, committed 2304K, reserved 1048576K

Card table byte_map: [0x00000000126b0000,0x00000000129c0000] byte_map_base: 0x00000000121b0000

Marking Bits: (ParMarkBitMap*) 0x000000006dec9f30
 Begin Bits: [0x0000000012fc0000, 0x00000000147c0000)
 End Bits:   [0x00000000147c0000, 0x0000000015fc0000)

Polling page: 0x0000000000f70000

CodeCache: size=245760Kb used=5122Kb max_used=5122Kb free=240637Kb
 bounds [0x00000000032f0000, 0x0000000003800000, 0x00000000122f0000]
 total_blobs=1844 nmethods=1456 adapters=302
 compilation: enabled

Compilation events (10 events):
Event: 2.430 Thread 0x0000000018012000 1453       3       org.gradle.api.file.internal.FilePathUtil::sizeOfCommonPrefix (142 bytes)
Event: 2.431 Thread 0x0000000018012000 nmethod 1453 0x00000000037ed250 code [0x00000000037ed4c0, 0x00000000037ee8e8]
Event: 2.431 Thread 0x0000000018012000 1454       3       org.gradle.internal.file.DefaultFileHierarchySet$Node::sizeOfCommonPrefix (10 bytes)
Event: 2.432 Thread 0x0000000018012000 nmethod 1454 0x00000000037ef250 code [0x00000000037ef3c0, 0x00000000037ef5a8]
Event: 2.432 Thread 0x0000000018012000 1455       3       org.gradle.api.file.internal.FilePathUtil::sizeOfCommonPrefix (10 bytes)
Event: 2.432 Thread 0x0000000018012000 nmethod 1455 0x00000000037ef690 code [0x00000000037ef800, 0x00000000037ef968]
Event: 2.433 Thread 0x0000000016cbc800 1456       4       java.net.URLClassLoader$1::run (5 bytes)
Event: 2.433 Thread 0x0000000016cb9800 1457   !   4       java.net.URLClassLoader$1::run (63 bytes)
Event: 2.437 Thread 0x0000000018012000 1459   !   3       java.lang.StringCoding::decode (120 bytes)
Event: 2.438 Thread 0x0000000018012000 nmethod 1459 0x00000000037efa10 code [0x00000000037efd40, 0x00000000037f1758]

GC Heap History (4 events):
Event: 1.612 GC heap before
{Heap before GC invocations=1 (full 0):
 PSYoungGen      total 71680K, used 61440K [0x00000000e0000000, 0x00000000e5000000, 0x0000000100000000)
  eden space 61440K, 100% used [0x00000000e0000000,0x00000000e3c00000,0x00000000e3c00000)
  from space 10240K, 0% used [0x00000000e4600000,0x00000000e4600000,0x00000000e5000000)
  to   space 10240K, 0% used [0x00000000e3c00000,0x00000000e3c00000,0x00000000e4600000)
 ParOldGen       total 163840K, used 0K [0x00000000a0000000, 0x00000000aa000000, 0x00000000e0000000)
  object space 163840K, 0% used [0x00000000a0000000,0x00000000a0000000,0x00000000aa000000)
 Metaspace       used 7458K, capacity 7748K, committed 7936K, reserved 1056768K
  class space    used 938K, capacity 1015K, committed 1024K, reserved 1048576K
Event: 1.619 GC heap after
Heap after GC invocations=1 (full 0):
 PSYoungGen      total 71680K, used 6162K [0x00000000e0000000, 0x00000000e5000000, 0x0000000100000000)
  eden space 61440K, 0% used [0x00000000e0000000,0x00000000e0000000,0x00000000e3c00000)
  from space 10240K, 60% used [0x00000000e3c00000,0x00000000e4204968,0x00000000e4600000)
  to   space 10240K, 0% used [0x00000000e4600000,0x00000000e4600000,0x00000000e5000000)
 ParOldGen       total 163840K, used 8K [0x00000000a0000000, 0x00000000aa000000, 0x00000000e0000000)
  object space 163840K, 0% used [0x00000000a0000000,0x00000000a0002000,0x00000000aa000000)
 Metaspace       used 7458K, capacity 7748K, committed 7936K, reserved 1056768K
  class space    used 938K, capacity 1015K, committed 1024K, reserved 1048576K
}
Event: 2.386 GC heap before
{Heap before GC invocations=2 (full 0):
 PSYoungGen      total 71680K, used 67602K [0x00000000e0000000, 0x00000000e5000000, 0x0000000100000000)
  eden space 61440K, 100% used [0x00000000e0000000,0x00000000e3c00000,0x00000000e3c00000)
  from space 10240K, 60% used [0x00000000e3c00000,0x00000000e4204968,0x00000000e4600000)
  to   space 10240K, 0% used [0x00000000e4600000,0x00000000e4600000,0x00000000e5000000)
 ParOldGen       total 163840K, used 8K [0x00000000a0000000, 0x00000000aa000000, 0x00000000e0000000)
  object space 163840K, 0% used [0x00000000a0000000,0x00000000a0002000,0x00000000aa000000)
 Metaspace       used 14459K, capacity 14878K, committed 14976K, reserved 1062912K
  class space    used 2024K, capacity 2131K, committed 2176K, reserved 1048576K
Event: 2.395 GC heap after
Heap after GC invocations=2 (full 0):
 PSYoungGen      total 71680K, used 9520K [0x00000000e0000000, 0x00000000e5000000, 0x0000000100000000)
  eden space 61440K, 0% used [0x00000000e0000000,0x00000000e0000000,0x00000000e3c00000)
  from space 10240K, 92% used [0x00000000e4600000,0x00000000e4f4c128,0x00000000e5000000)
  to   space 10240K, 0% used [0x00000000e3c00000,0x00000000e3c00000,0x00000000e4600000)
 ParOldGen       total 163840K, used 43K [0x00000000a0000000, 0x00000000aa000000, 0x00000000e0000000)
  object space 163840K, 0% used [0x00000000a0000000,0x00000000a000ac50,0x00000000aa000000)
 Metaspace       used 14459K, capacity 14878K, committed 14976K, reserved 1062912K
  class space    used 2024K, capacity 2131K, committed 2176K, reserved 1048576K
}

Deoptimization events (10 events):
Event: 1.865 Thread 0x0000000002c0e000 Uncommon trap: reason=unstable_if action=reinterpret pc=0x0000000003622a58 method=java.io.WinNTFileSystem.normalize(Ljava/lang/String;II)Ljava/lang/String; @ 90
Event: 2.035 Thread 0x0000000019384000 Uncommon trap: reason=unstable_if action=reinterpret pc=0x00000000036cb8d4 method=java.util.concurrent.ConcurrentHashMap.putVal(Ljava/lang/Object;Ljava/lang/Object;Z)Ljava/lang/Object; @ 206
Event: 2.099 Thread 0x000000001987b000 Uncommon trap: reason=bimorphic action=maybe_recompile pc=0x000000000357dd40 method=java.util.HashMap.putVal(ILjava/lang/Object;Ljava/lang/Object;ZZ)Ljava/lang/Object; @ 253
Event: 2.099 Thread 0x000000001987b000 Uncommon trap: reason=bimorphic action=maybe_recompile pc=0x000000000357dd40 method=java.util.HashMap.putVal(ILjava/lang/Object;Ljava/lang/Object;ZZ)Ljava/lang/Object; @ 253
Event: 2.099 Thread 0x000000001987b000 Uncommon trap: reason=bimorphic action=maybe_recompile pc=0x000000000357dd40 method=java.util.HashMap.putVal(ILjava/lang/Object;Ljava/lang/Object;ZZ)Ljava/lang/Object; @ 253
Event: 2.099 Thread 0x000000001987b000 Uncommon trap: reason=bimorphic action=maybe_recompile pc=0x000000000357dd40 method=java.util.HashMap.putVal(ILjava/lang/Object;Ljava/lang/Object;ZZ)Ljava/lang/Object; @ 253
Event: 2.266 Thread 0x000000001987b000 Uncommon trap: reason=class_check action=maybe_recompile pc=0x00000000035cde9c method=java.util.regex.Matcher.match(II)Z @ 86
Event: 2.275 Thread 0x000000001987b000 Uncommon trap: reason=class_check action=maybe_recompile pc=0x00000000035cde9c method=java.util.regex.Matcher.match(II)Z @ 86
Event: 2.275 Thread 0x000000001987b000 Uncommon trap: reason=class_check action=maybe_recompile pc=0x00000000035cde9c method=java.util.regex.Matcher.match(II)Z @ 86
Event: 2.275 Thread 0x000000001987b000 Uncommon trap: reason=class_check action=maybe_recompile pc=0x0000000003598408 method=java.util.regex.Matcher.match(II)Z @ 86

Classes redefined (0 events):
No events

Internal exceptions (10 events):
Event: 2.040 Thread 0x0000000019384000 Exception <a 'java/lang/NoSuchMethodError': <clinit>> (0x00000000e1581750) thrown at [D:\src\AOSP-openjdk-cygwin\jdk8u\hotspot\src\share\vm\prims\jni.cpp, line 1614]
Event: 2.044 Thread 0x0000000019384000 Exception <a 'java/lang/NoSuchMethodError': <clinit>> (0x00000000e1594910) thrown at [D:\src\AOSP-openjdk-cygwin\jdk8u\hotspot\src\share\vm\prims\jni.cpp, line 1614]
Event: 2.047 Thread 0x0000000019384000 Exception <a 'java/lang/NoSuchMethodError': <clinit>> (0x00000000e15bbfb0) thrown at [D:\src\AOSP-openjdk-cygwin\jdk8u\hotspot\src\share\vm\prims\jni.cpp, line 1614]
Event: 2.049 Thread 0x0000000019384000 Exception <a 'java/lang/NoSuchMethodError': <clinit>> (0x00000000e15d4360) thrown at [D:\src\AOSP-openjdk-cygwin\jdk8u\hotspot\src\share\vm\prims\jni.cpp, line 1614]
Event: 2.049 Thread 0x0000000019384000 Exception <a 'java/lang/NoSuchMethodError': <clinit>> (0x00000000e15dd050) thrown at [D:\src\AOSP-openjdk-cygwin\jdk8u\hotspot\src\share\vm\prims\jni.cpp, line 1614]
Event: 2.051 Thread 0x0000000019384000 Exception <a 'java/lang/NoSuchMethodError': <clinit>> (0x00000000e15f3900) thrown at [D:\src\AOSP-openjdk-cygwin\jdk8u\hotspot\src\share\vm\prims\jni.cpp, line 1614]
Event: 2.059 Thread 0x0000000019384000 Exception <a 'java/lang/NoSuchMethodError': <clinit>> (0x00000000e1651778) thrown at [D:\src\AOSP-openjdk-cygwin\jdk8u\hotspot\src\share\vm\prims\jni.cpp, line 1614]
Event: 2.063 Thread 0x0000000019384000 Exception <a 'java/lang/NoSuchMethodError': <clinit>> (0x00000000e167e4c8) thrown at [D:\src\AOSP-openjdk-cygwin\jdk8u\hotspot\src\share\vm\prims\jni.cpp, line 1614]
Event: 2.071 Thread 0x0000000019384000 Exception <a 'java/lang/NoSuchMethodError': <clinit>> (0x00000000e16acf28) thrown at [D:\src\AOSP-openjdk-cygwin\jdk8u\hotspot\src\share\vm\prims\jni.cpp, line 1614]
Event: 2.072 Thread 0x0000000019384000 Exception <a 'java/lang/NoSuchMethodError': <clinit>> (0x00000000e16b8330) thrown at [D:\src\AOSP-openjdk-cygwin\jdk8u\hotspot\src\share\vm\prims\jni.cpp, line 1614]

Events (10 events):
Event: 2.447 loading class org/apache/tools/ant/taskdefs/condition/Os
Event: 2.447 loading class org/apache/tools/ant/taskdefs/condition/Os done
Event: 2.447 loading class org/apache/tools/ant/taskdefs/condition/Condition
Event: 2.447 loading class org/apache/tools/ant/taskdefs/condition/Condition done
Event: 2.448 loading class org/apache/tools/ant/util/FileUtils
Event: 2.448 loading class org/apache/tools/ant/util/FileUtils done
Event: 2.449 loading class org/apache/tools/ant/util/FileUtils$2
Event: 2.449 loading class org/apache/tools/ant/util/FileUtils$2 done
Event: 2.451 loading class org/apache/tools/ant/util/SymbolicLinkUtils
Event: 2.451 loading class org/apache/tools/ant/util/SymbolicLinkUtils done


Dynamic libraries:
0x00007ff7b9e10000 - 0x00007ff7b9e41000 	D:\软件\开发相关软件\Android\Android\AndroidStudio\jre\bin\java.exe
0x00007ffdf7f80000 - 0x00007ffdf814f000 	C:\windows\SYSTEM32\ntdll.dll
0x00007ffdf7dd0000 - 0x00007ffdf7e7c000 	C:\windows\System32\KERNEL32.DLL
0x00007ffdf4320000 - 0x00007ffdf453e000 	C:\windows\System32\KERNELBASE.dll
0x00007ffdf6ee0000 - 0x00007ffdf6f82000 	C:\windows\System32\ADVAPI32.dll
0x00007ffdf7e80000 - 0x00007ffdf7f1e000 	C:\windows\System32\msvcrt.dll
0x00007ffdf7f20000 - 0x00007ffdf7f79000 	C:\windows\System32\sechost.dll
0x00007ffdf53f0000 - 0x00007ffdf5511000 	C:\windows\System32\RPCRT4.dll
0x00007ffdf6f90000 - 0x00007ffdf70f6000 	C:\windows\System32\USER32.dll
0x00007ffdf4bd0000 - 0x00007ffdf4bee000 	C:\windows\System32\win32u.dll
0x00007ffdf7810000 - 0x00007ffdf7844000 	C:\windows\System32\GDI32.dll
0x00007ffdf4540000 - 0x00007ffdf46c3000 	C:\windows\System32\gdi32full.dll
0x00007ffdea810000 - 0x00007ffdeaa8a000 	C:\windows\WinSxS\amd64_microsoft.windows.common-controls_6595b64144ccf1df_6.0.14393.4169_none_7de0bbf28341b1f2\COMCTL32.dll
0x00007ffdf7850000 - 0x00007ffdf7b17000 	C:\windows\System32\combase.dll
0x00007ffdf4ad0000 - 0x00007ffdf4bc4000 	C:\windows\System32\ucrtbase.dll
0x00007ffdf4c00000 - 0x00007ffdf4c6b000 	C:\windows\System32\bcryptPrimitives.dll
0x00007ffdf7ce0000 - 0x00007ffdf7d0e000 	C:\windows\System32\IMM32.DLL
0x000000006e5b0000 - 0x000000006e5bc000 	C:\Program Files (x86)\360\360safe\safemon\SafeWrapper.dll
0x00007ffdea040000 - 0x00007ffdea0d2000 	C:\Program Files (x86)\360\360safe\safemon\libzdtp64.dll
0x00007ffdf6e10000 - 0x00007ffdf6e62000 	C:\windows\System32\SHLWAPI.dll
0x00007ffdf3dc0000 - 0x00007ffdf3dca000 	C:\windows\SYSTEM32\VERSION.dll
0x000000006cb10000 - 0x000000006cbe2000 	D:\软件\开发相关软件\Android\Android\AndroidStudio\jre\jre\bin\msvcr100.dll
0x000000006d700000 - 0x000000006df46000 	D:\软件\开发相关软件\Android\Android\AndroidStudio\jre\jre\bin\server\jvm.dll
0x00007ffdf47d0000 - 0x00007ffdf47f3000 	C:\windows\System32\WINMM.dll
0x00007ffdf41b0000 - 0x00007ffdf41db000 	C:\windows\System32\WINMMBASE.dll
0x00007ffdef040000 - 0x00007ffdef049000 	C:\windows\SYSTEM32\WSOCK32.dll
0x00007ffdf49d0000 - 0x00007ffdf4a12000 	C:\windows\System32\cfgmgr32.dll
0x00007ffdf5660000 - 0x00007ffdf56ca000 	C:\windows\System32\WS2_32.dll
0x00007ffdf5870000 - 0x00007ffdf5878000 	C:\windows\System32\PSAPI.DLL
0x00007ffde9bb0000 - 0x00007ffde9bbf000 	D:\软件\开发相关软件\Android\Android\AndroidStudio\jre\jre\bin\verify.dll
0x00007ffddb0a0000 - 0x00007ffddb0c9000 	D:\软件\开发相关软件\Android\Android\AndroidStudio\jre\jre\bin\java.dll
0x00007ffde5730000 - 0x00007ffde5746000 	D:\软件\开发相关软件\Android\Android\AndroidStudio\jre\jre\bin\zip.dll
0x00007ffdf58a0000 - 0x00007ffdf6da5000 	C:\windows\System32\SHELL32.dll
0x00007ffdf4c70000 - 0x00007ffdf5343000 	C:\windows\System32\windows.storage.dll
0x00007ffdf4780000 - 0x00007ffdf47cc000 	C:\windows\System32\powrprof.dll
0x00007ffdf41e0000 - 0x00007ffdf41ef000 	C:\windows\System32\kernel.appcore.dll
0x00007ffdf46d0000 - 0x00007ffdf4778000 	C:\windows\System32\shcore.dll
0x00007ffdf4200000 - 0x00007ffdf4214000 	C:\windows\System32\profapi.dll
0x00007ffde53d0000 - 0x00007ffde53ea000 	D:\软件\开发相关软件\Android\Android\AndroidStudio\jre\jre\bin\net.dll
0x00007ffdf3a10000 - 0x00007ffdf3a6d000 	C:\windows\system32\mswsock.dll
0x00007ffde3410000 - 0x00007ffde3421000 	D:\软件\开发相关软件\Android\Android\AndroidStudio\jre\jre\bin\nio.dll
0x00007ffde6ed0000 - 0x00007ffde6ef6000 	C:\Users\Administrator\.gradle\native\29\windows-amd64\native-platform.dll
0x00007ffde9950000 - 0x00007ffde995d000 	D:\软件\开发相关软件\Android\Android\AndroidStudio\jre\jre\bin\management.dll
0x00007ffdf3bb0000 - 0x00007ffdf3bc7000 	C:\windows\SYSTEM32\CRYPTSP.dll
0x00007ffdf35c0000 - 0x00007ffdf35f3000 	C:\windows\system32\rsaenh.dll
0x00007ffdf40f0000 - 0x00007ffdf411b000 	C:\windows\SYSTEM32\bcrypt.dll
0x00007ffdf3880000 - 0x00007ffdf38a0000 	C:\windows\SYSTEM32\USERENV.dll
0x00007ffdf3bd0000 - 0x00007ffdf3bdb000 	C:\windows\SYSTEM32\CRYPTBASE.dll
0x00007ffdf3740000 - 0x00007ffdf3778000 	C:\windows\SYSTEM32\IPHLPAPI.DLL
0x00007ffdf6e70000 - 0x00007ffdf6e78000 	C:\windows\System32\NSI.dll
0x00007ffdef200000 - 0x00007ffdef216000 	C:\windows\SYSTEM32\dhcpcsvc6.DLL
0x00007ffdef170000 - 0x00007ffdef18a000 	C:\windows\SYSTEM32\dhcpcsvc.DLL

VM Arguments:
jvm_args: -Xmx1536m -Dfile.encoding=GBK -Duser.country=CN -Duser.language=zh -Duser.variant 
java_command: org.gradle.launcher.daemon.bootstrap.GradleDaemon 5.4.1
java_class_path (initial): C:\Users\Administrator\.gradle\wrapper\dists\gradle-5.4.1-all\3221gyojl5jsh0helicew7rwx\gradle-5.4.1\lib\gradle-launcher-5.4.1.jar
Launcher Type: SUN_STANDARD

Environment Variables:
JAVA_HOME=C:\Program Files\Java\jdk1.8.0_131\
CLASSPATH=C:\Program Files\Java\jre1.8.0_131\bin
PATH=C:\Program Files (x86)\Common Files\Oracle\Java\javapath;C:\ProgramData\Oracle\Java\javapath;C:\windows\system32;C:\windows;C:\windows\System32\Wbem;C:\windows\System32\WindowsPowerShell\v1.0\;C:\Program Files\Java\jre1.8.0_131\bin;;;D:\Gi;\cmd;D:\Git\cmd;D:\Program Files (x86)\Subversion\bin;D:\nodejs\;C:\Users\Administrator\AppData\Local\Microsoft\WindowsApps;D:\Soft\sdk\platform-tools;C:\ProgramData\Microsoft\Windows\Start Menu\Programs\Node.js;D:\nodejs\node_modules\npm\bin
USERNAME=Administrator
OS=Windows_NT
PROCESSOR_IDENTIFIER=AMD64 Family 23 Model 17 Stepping 0, AuthenticAMD



---------------  S Y S T E M  ---------------

OS: Windows 10.0 , 64 bit Build 14393 (10.0.14393.3630)

CPU:total 4 (initial active 4) (4 cores per cpu, 1 threads per core) family 23 model 17 stepping 0, cmov, cx8, fxsr, mmx, sse, sse2, sse3, ssse3, sse4.1, sse4.2, popcnt, avx, avx2, aes, clmul, mmxext, 3dnowpref, lzcnt, sse4a, tsc, tscinvbit, tscinv, bmi1

Memory: 4k page, physical 15656032k(487620k free), swap 23520476k(2204k free)

vm_info: OpenJDK 64-Bit Server VM (25.202-b03) for windows-amd64 JRE (1.8.0_202-release-1483-b03), built by "builder" with MS VC++ 10.0 (VS2010)

time: Tue Mar 01 14:39:02 2022
timezone: 中国标准时间
elapsed time: 2 seconds (0d 0h 0m 2s)

